<?xml version="1.0" encoding="UTF-8"?>
<!-- Generated by org.testng.reporters.JUnitXMLReporter -->
<testsuite ignored="0" hostname="NiketPa" failures="0" tests="3" name="Sauce Lab Login Page" time="50.48" errors="0" timestamp="2024-11-22T01:24:43 IST">
  <testcase classname="com.qa.saucelab.tests.LoginPageTest" name="doLogin" time="1.45"/>
  <testcase classname="com.qa.saucelab.tests.LoginPageTest" name="validateProductPageHeader" time="0.1"/>
  <testcase classname="com.qa.saucelab.tests.LoginPageTest" name="verifyLoginTitle" time="0.026"/>
</testsuite> <!-- Sauce Lab Login Page -->
