<?xml version="1.0" encoding="UTF-8"?>
<testng-results ignored="0" total="5" passed="5" failed="0" skipped="0">
  <reporter-output>
  </reporter-output>
  <suite started-at="2024-11-22T01:23:53 IST" name="SauceLabAutomation" finished-at="2024-11-22T01:24:45 IST" duration-ms="51923">
    <groups>
    </groups>
    <test started-at="2024-11-22T01:23:53 IST" name="Sauce Lab Login Page" finished-at="2024-11-22T01:24:43 IST" duration-ms="50480">
      <class name="com.qa.saucelab.tests.LoginPageTest">
        <test-method is-config="true" signature="setUp()[pri:0, instance:com.qa.saucelab.tests.LoginPageTest@3bae64d0]" started-at="2024-11-22T01:23:53 IST" name="setUp" finished-at="2024-11-22T01:24:39 IST" duration-ms="46208" status="PASS">
          <reporter-output>
          </reporter-output>
        </test-method> <!-- setUp -->
        <test-method signature="doLogin()[pri:0, instance:com.qa.saucelab.tests.LoginPageTest@3bae64d0]" started-at="2024-11-22T01:24:39 IST" name="doLogin" finished-at="2024-11-22T01:24:41 IST" duration-ms="1450" status="PASS">
          <reporter-output>
          </reporter-output>
        </test-method> <!-- doLogin -->
        <test-method signature="validateProductPageHeader()[pri:0, instance:com.qa.saucelab.tests.LoginPageTest@3bae64d0]" started-at="2024-11-22T01:24:41 IST" name="validateProductPageHeader" finished-at="2024-11-22T01:24:41 IST" duration-ms="100" status="PASS">
          <reporter-output>
          </reporter-output>
        </test-method> <!-- validateProductPageHeader -->
        <test-method signature="verifyLoginTitle()[pri:0, instance:com.qa.saucelab.tests.LoginPageTest@3bae64d0]" started-at="2024-11-22T01:24:42 IST" name="verifyLoginTitle" finished-at="2024-11-22T01:24:42 IST" duration-ms="26" status="PASS">
          <reporter-output>
          </reporter-output>
        </test-method> <!-- verifyLoginTitle -->
        <test-method is-config="true" signature="tearDown()[pri:0, instance:com.qa.saucelab.tests.LoginPageTest@3bae64d0]" started-at="2024-11-22T01:24:42 IST" name="tearDown" finished-at="2024-11-22T01:24:43 IST" duration-ms="1783" status="PASS">
          <reporter-output>
          </reporter-output>
        </test-method> <!-- tearDown -->
      </class> <!-- com.qa.saucelab.tests.LoginPageTest -->
    </test> <!-- Sauce Lab Login Page -->
    <test started-at="2024-11-22T01:23:53 IST" name="Sauce Lab Checkout Page" finished-at="2024-11-22T01:24:45 IST" duration-ms="51923">
      <class name="com.qa.saucelab.tests.CheckoutPageTest">
        <test-method is-config="true" signature="setUp()[pri:0, instance:com.qa.saucelab.tests.CheckoutPageTest@2416498e]" started-at="2024-11-22T01:23:53 IST" name="setUp" finished-at="2024-11-22T01:24:39 IST" duration-ms="45813" status="PASS">
          <reporter-output>
          </reporter-output>
        </test-method> <!-- setUp -->
        <test-method signature="doLogin()[pri:1, instance:com.qa.saucelab.tests.CheckoutPageTest@2416498e]" started-at="2024-11-22T01:24:39 IST" name="doLogin" finished-at="2024-11-22T01:24:41 IST" duration-ms="1650" status="PASS">
          <reporter-output>
          </reporter-output>
        </test-method> <!-- doLogin -->
        <test-method signature="clickAddToCart()[pri:2, instance:com.qa.saucelab.tests.CheckoutPageTest@2416498e]" started-at="2024-11-22T01:24:41 IST" name="clickAddToCart" finished-at="2024-11-22T01:24:43 IST" duration-ms="1791" status="PASS">
          <reporter-output>
          </reporter-output>
        </test-method> <!-- clickAddToCart -->
        <test-method is-config="true" signature="tearDown()[pri:0, instance:com.qa.saucelab.tests.CheckoutPageTest@2416498e]" started-at="2024-11-22T01:24:43 IST" name="tearDown" finished-at="2024-11-22T01:24:45 IST" duration-ms="1589" status="PASS">
          <reporter-output>
          </reporter-output>
        </test-method> <!-- tearDown -->
      </class> <!-- com.qa.saucelab.tests.CheckoutPageTest -->
    </test> <!-- Sauce Lab Checkout Page -->
  </suite> <!-- SauceLabAutomation -->
</testng-results>
