<?xml version="1.0" encoding="UTF-8"?>
<!-- Generated by org.testng.reporters.JUnitXMLReporter -->
<testsuite ignored="0" hostname="NiketPa" failures="0" tests="3" name="Sauce Lab Login Page" time="19.827" errors="0" timestamp="2024-11-21T21:58:13 IST">
  <testcase classname="com.qa.saucelab.tests.LoginPageTest" name="doLogin" time="0.198"/>
  <testcase classname="com.qa.saucelab.tests.LoginPageTest" name="validateProductPageHeader" time="0.014"/>
  <testcase classname="com.qa.saucelab.tests.LoginPageTest" name="verifyLoginTitle" time="0.008"/>
</testsuite> <!-- Sauce Lab Login Page -->
